<?xml version="1.0" encoding="utf-8"?><testsuites name="pytest tests"><testsuite name="pytest" errors="0" failures="0" skipped="0" tests="15" time="2.506" timestamp="2026-07-21T07:42:24.402740+00:00" hostname="agent-env-977471d5-1c14-4d17-a9d6-131d9f46137a"><testcase classname="tests.test_visibility_and_publish.TestVisibilityEndpoint" name="test_unauth_401" time="0.198" /><testcase classname="tests.test_visibility_and_publish.TestConsumerVisibility" name="test_legacy_price_empty_city_prices_shows_pan_india" time="0.194" /><testcase classname="tests.test_visibility_and_publish.TestConsumerVisibility" name="test_only_mumbai_city_prices_shown_pan_india_via_fallback" time="0.096" /><testcase classname="tests.test_visibility_and_publish.TestVisibilityEndpoint" name="test_consumer_403" time="0.109" /><testcase classname="tests.test_visibility_and_publish.TestConsumerVisibility" name="test_city_filter_pune_includes_legacy_and_hides_paused" time="0.099" /><testcase classname="tests.test_visibility_and_publish.TestVisibilityEndpoint" name="test_pending_admin_403" time="0.143" /><testcase classname="tests.test_visibility_and_publish.TestConsumerVisibility" name="test_available_false_hides_everywhere" time="0.485" /><testcase classname="tests.test_visibility_and_publish.TestVisibilityEndpoint" name="test_diag_shape_and_counts" time="0.124" /><testcase classname="tests.test_visibility_and_publish.TestPublishAll" name="test_unauth_401" time="0.137" /><testcase classname="tests.test_visibility_and_publish.TestPublishAll" name="test_consumer_403" time="0.089" /><testcase classname="tests.test_visibility_and_publish.TestPublishAll" name="test_pending_admin_403" time="0.096" /><testcase classname="tests.test_visibility_and_publish.TestConsumerVisibility" name="test_mumbai_paused_hidden_only_in_mumbai" time="0.201" /><testcase classname="tests.test_visibility_and_publish.TestPublishAll" name="test_publish_all_flips_unavailable_and_unpauses_and_backfills" time="0.144" /><testcase classname="tests.test_visibility_and_publish.TestExcelImportDefaults" name="test_blank_defaults_visible" time="0.114" /><testcase classname="tests.test_visibility_and_publish.TestExcelImportDefaults" name="test_explicit_no_still_hidden" time="0.102" /></testsuite></testsuites>