<?xml version="1.0" encoding="utf-8"?><testsuites name="pytest tests"><testsuite name="pytest" errors="0" failures="1" skipped="0" tests="128" time="93.646" timestamp="2026-07-21T07:42:33.133225+00:00" hostname="agent-env-977471d5-1c14-4d17-a9d6-131d9f46137a"><testcase classname="tests.backend_test.TestTwilioAdmin" name="test_twilio_status_super_admin_ok" time="0.125" /><testcase classname="tests.backend_test.TestRoleGuards" name="test_consumer_forbidden_products_mine_get" time="0.124" /><testcase classname="tests.backend_test.TestRoleGuards" name="test_consumer_forbidden_products_mine_post" time="0.092" /><testcase classname="tests.backend_test.TestTwilioAdmin" name="test_twilio_status_admin_forbidden" time="0.103" /><testcase classname="tests.backend_test.TestRoleGuards" name="test_consumer_forbidden_ai" time="0.094" /><testcase classname="tests.backend_test.TestTwilioAdmin" name="test_twilio_status_consumer_forbidden" time="0.146" /><testcase classname="tests.backend_test.TestRoleGuards" name="test_consumer_forbidden_admin" time="0.096" /><testcase classname="tests.backend_test.TestTwilioAdmin" name="test_twilio_status_unauthenticated" time="0.091" /><testcase classname="tests.backend_test.TestRoleGuards" name="test_pending_admin_forbidden_write" time="0.105" /><testcase classname="tests.backend_test.TestTwilioAdmin" name="test_twilio_logs_super_admin_ok" time="0.094" /><testcase classname="tests.backend_test.TestRoleGuards" name="test_pending_admin_forbidden_list_mine" time="0.096" /><testcase classname="tests.backend_test.TestTwilioAdmin" name="test_twilio_logs_admin_forbidden" time="0.093" /><testcase classname="tests.backend_test.TestRoleGuards" name="test_approved_admin_ok" time="0.111" /><testcase classname="tests.backend_test.TestTwilioAdmin" name="test_twilio_logs_consumer_forbidden" time="0.135" /><testcase classname="tests.backend_test.TestRoleGuards" name="test_super_admin_ok" time="0.145" /><testcase classname="tests.backend_test.TestTwilioAdmin" name="test_send_otp_increments_counter" time="0.238"><failure message="assert 4 == (0 + 1)">tests/backend_test.py:442: in test_send_otp_increments_counter
    assert after["otps_last_24h"] == before["otps_last_24h"] + 1
E   assert 4 == (0 + 1)</failure></testcase><testcase classname="tests.backend_test.TestAuthOtp" name="test_send_otp_rate_limit" time="0.102" /><testcase classname="tests.backend_test.TestAuthOtp" name="test_send_otp_invalid_role" time="0.092" /><testcase classname="tests.backend_test.TestAdminStatsAccess" name="test_stats_super_admin" time="0.093" /><testcase classname="tests.backend_test.TestAuthOtp" name="test_verify_otp_missing_code" time="0.094" /><testcase classname="tests.backend_test.TestAdminStatsAccess" name="test_stats_admin_ok" time="0.091" /><testcase classname="tests.backend_test.TestAuthOtp" name="test_me_requires_auth" time="0.156" /><testcase classname="tests.backend_test.TestAdminStatsAccess" name="test_stats_consumer_forbidden" time="0.096" /><testcase classname="tests.backend_test.TestAuthOtp" name="test_me_consumer_shape" time="0.092" /><testcase classname="tests.backend_test.TestAdminStatsAccess" name="test_recent_orders_super_admin" time="0.096" /><testcase classname="tests.backend_test.TestAuthOtp" name="test_me_super_admin" time="0.092" /><testcase classname="tests.backend_test.TestAdminStatsAccess" name="test_recent_orders_admin_ok" time="0.092" /><testcase classname="tests.backend_test.TestAuthOtp" name="test_logout" time="0.090" /><testcase classname="tests.backend_test.TestAdminStatsAccess" name="test_recent_orders_consumer_forbidden" time="0.136" /><testcase classname="tests.test_banners_and_min_order.TestBannersAuth" name="test_admin_list_forbidden_consumer" time="0.139" /><testcase classname="tests.backend_test.TestAdminStatsAccess" name="test_admins_super_admin_only" time="0.322" /><testcase classname="tests.test_banners_and_min_order.TestBannersAuth" name="test_admin_list_forbidden_admin" time="0.099" /><testcase classname="tests.test_banners_and_min_order.TestBannersAuth" name="test_admin_list_unauth" time="0.137" /><testcase classname="tests.test_banners_and_min_order.TestBannersAuth" name="test_admin_create_forbidden_admin" time="0.086" /><testcase classname="tests.backend_test.TestSearch" name="test_soap" time="0.092" /><testcase classname="tests.test_banners_and_min_order.TestBannersAuth" name="test_admin_update_forbidden_admin" time="0.043" /><testcase classname="tests.backend_test.TestSearch" name="test_atta" time="0.093" /><testcase classname="tests.test_banners_and_min_order.TestBannersAuth" name="test_admin_delete_forbidden_consumer" time="0.047" /><testcase classname="tests.test_banners_and_min_order.TestBannersAuth" name="test_admin_reorder_forbidden_unauth" time="0.094" /><testcase classname="tests.backend_test.TestSearch" name="test_tel_hinglish" time="0.091" /><testcase classname="tests.backend_test.TestSearch" name="test_devanagari" time="0.143" /><testcase classname="tests.test_guest_and_checkout.TestCheckoutValidation" name="test_missing_address" time="0.318" /><testcase classname="tests.backend_test.TestSearch" name="test_chai" time="0.099" /><testcase classname="tests.backend_test.TestSearch" name="test_category_filter" time="0.099" /><testcase classname="tests.test_guest_and_checkout.TestCheckoutValidation" name="test_missing_landmark" time="0.237" /><testcase classname="tests.test_visibility_and_publish.TestConsumerVisibility" name="test_legacy_price_empty_city_prices_shows_pan_india" time="0.094" /><testcase classname="tests.test_visibility_and_publish.TestConsumerVisibility" name="test_only_mumbai_city_prices_shown_pan_india_via_fallback" time="0.094" /><testcase classname="tests.test_guest_and_checkout.TestCheckoutValidation" name="test_bad_pincode" time="0.186" /><testcase classname="tests.test_visibility_and_publish.TestConsumerVisibility" name="test_city_filter_pune_includes_legacy_and_hides_paused" time="0.095" /><testcase classname="tests.test_visibility_and_publish.TestConsumerVisibility" name="test_available_false_hides_everywhere" time="0.468" /><testcase classname="tests.test_guest_and_checkout.TestCheckoutValidation" name="test_pincode_with_non_digits_stripped" time="0.225" /><testcase classname="tests.test_guest_and_checkout.TestCheckoutValidation" name="test_landmark_persisted_and_returned" time="0.256" /><testcase classname="tests.test_visibility_and_publish.TestConsumerVisibility" name="test_mumbai_paused_hidden_only_in_mumbai" time="0.197" /><testcase classname="tests.test_banners_and_min_order.TestBannersCRUD" name="test_create_appears_in_active" time="0.184" /><testcase classname="tests.backend_test.TestSuperAdminApprovals" name="test_list_admins" time="0.137" /><testcase classname="tests.test_banners_and_min_order.TestBannersCRUD" name="test_update_persists" time="0.127" /><testcase classname="tests.backend_test.TestSuperAdminApprovals" name="test_approve_admin" time="0.159" /><testcase classname="tests.test_banners_and_min_order.TestBannersCRUD" name="test_delete_removes" time="2.247" /><testcase classname="tests.backend_test.TestSuperAdminApprovals" name="test_cannot_modify_super_admin" time="2.170" /><testcase classname="tests.test_banners_and_min_order.TestBannersCRUD" name="test_reorder" time="0.294" /><testcase classname="tests.backend_test.TestSuperAdminApprovals" name="test_invalid_status" time="0.117" /><testcase classname="tests.test_bulk_delete.TestBulkDeleteIds" name="test_delete_selected_only" time="0.377" /><testcase classname="tests.test_banners_and_min_order.TestBannerScheduling" name="test_future_start_hidden" time="0.137" /><testcase classname="tests.test_banners_and_min_order.TestBannerScheduling" name="test_past_end_hidden" time="15.234" /><testcase classname="tests.test_bulk_delete.TestBulkDeleteIds" name="test_invalid_object_id_returns_400" time="15.098" /><testcase classname="tests.test_bulk_delete.TestBulkDeleteIds" name="test_empty_ids_no_all_returns_400" time="15.123" /><testcase classname="tests.test_banners_and_min_order.TestBannerScheduling" name="test_future_end_visible" time="15.147" /><testcase classname="tests.test_bulk_delete.TestBulkDeleteIds" name="test_audit_log_written_for_ids" time="4.267" /><testcase classname="tests.test_banners_and_min_order.TestBannerScheduling" name="test_toggle_disabled_hidden" time="0.299" /><testcase classname="tests.test_city_pricing.TestConsumerListingByCity" name="test_all_mumbai_hides_wholesaler" time="15.157" /><testcase classname="tests.test_bulk_delete.TestBulkDeleteAll" name="test_wipe_all_requires_confirm" time="0.095" /><testcase classname="tests.test_bulk_delete.TestBulkDeleteAll" name="test_wipe_all_wrong_confirm" time="0.104" /><testcase classname="tests.test_bulk_delete.TestBulkDeleteAll" name="test_wipe_all_ok" time="20.159" /><testcase classname="tests.test_city_pricing.TestConsumerListingByCity" name="test_all_nonexistent_city_empty" time="0.135" /><testcase classname="tests.test_city_pricing.TestConsumerListingByCity" name="test_all_no_city_backwards_compat" time="0.093" /><testcase classname="tests.test_city_pricing.TestConsumerListingByCity" name="test_get_single_product_hides_wholesaler" time="12.404" /><testcase classname="tests.test_bulk_delete.TestBulkDeleteAll" name="test_wipe_all_case_insensitive_confirm" time="0.122" /><testcase classname="tests.test_guest_and_checkout.TestGuestCartHydrate" name="test_hydrate_empty" time="0.089" /><testcase classname="tests.test_guest_and_checkout.TestGuestCartHydrate" name="test_hydrate_with_items" time="15.198" /><testcase classname="tests.test_visibility_and_publish.TestVisibilityEndpoint" name="test_unauth_401" time="0.101" /><testcase classname="tests.test_visibility_and_publish.TestVisibilityEndpoint" name="test_consumer_403" time="0.104" /><testcase classname="tests.test_visibility_and_publish.TestVisibilityEndpoint" name="test_pending_admin_403" time="0.111" /><testcase classname="tests.test_visibility_and_publish.TestVisibilityEndpoint" name="test_diag_shape_and_counts" time="0.113" /><testcase classname="tests.test_visibility_and_publish.TestPublishAll" name="test_unauth_401" time="0.102" /><testcase classname="tests.test_visibility_and_publish.TestPublishAll" name="test_consumer_403" time="0.101" /><testcase classname="tests.test_visibility_and_publish.TestPublishAll" name="test_pending_admin_403" time="0.097" /><testcase classname="tests.test_visibility_and_publish.TestPublishAll" name="test_publish_all_flips_unavailable_and_unpauses_and_backfills" time="0.097" /><testcase classname="tests.backend_test.TestConsumerEndpointsRegression" name="test_products_tree_public" time="0.102" /><testcase classname="tests.backend_test.TestConsumerEndpointsRegression" name="test_products_all_public" time="0.096" /><testcase classname="tests.backend_test.TestConsumerEndpointsRegression" name="test_cart_add_and_update" time="0.369" /><testcase classname="tests.test_banners_and_min_order.TestMinOrder2500" name="test_hydrate_min_order" time="0.091" /><testcase classname="tests.test_banners_and_min_order.TestMinOrder2500" name="test_checkout_below_min" time="0.338" /><testcase classname="tests.test_banners_and_min_order.TestMinOrder2500" name="test_checkout_above_min_success" time="0.258" /><testcase classname="tests.test_bulk_delete.TestBulkDeleteAuth" name="test_unauth_returns_401" time="0.098" /><testcase classname="tests.test_bulk_delete.TestBulkDeleteAuth" name="test_consumer_forbidden" time="0.101" /><testcase classname="tests.test_bulk_delete.TestBulkDeleteAuth" name="test_pending_admin_forbidden" time="0.113" /><testcase classname="tests.test_city_pricing.TestExcelExport" name="test_export_super_admin_ok" time="0.124" /><testcase classname="tests.test_city_pricing.TestExcelExport" name="test_export_admin_ok" time="0.118" /><testcase classname="tests.test_city_pricing.TestExcelExport" name="test_export_consumer_forbidden" time="0.097" /><testcase classname="tests.test_city_pricing.TestCartCityAware" name="test_cart_add_persists_city" time="0.323" /><testcase classname="tests.test_city_pricing.TestCartCityAware" name="test_changing_city_clears_items" time="0.358" /><testcase classname="tests.test_city_pricing.TestCartCityAware" name="test_cart_uses_city_price" time="0.435" /><testcase classname="tests.test_guest_and_checkout.TestGuestCartMerge" name="test_merge_requires_auth" time="0.196" /><testcase classname="tests.test_guest_and_checkout.TestGuestCartMerge" name="test_merge_additive" time="0.277" /><testcase classname="tests.test_guest_and_checkout.TestGuestCartMerge" name="test_merge_new_item" time="0.237" /><testcase classname="tests.backend_test.TestCheckout" name="test_below_min_order_blocked" time="0.293" /><testcase classname="tests.backend_test.TestCheckout" name="test_above_min_order_success" time="0.281" /><testcase classname="tests.test_banners_and_min_order.TestPerf" name="test_products_all_projection" time="0.100" /><testcase classname="tests.test_banners_and_min_order.TestPerf" name="test_hydrate_speed_5_items" time="0.302" /><testcase classname="tests.test_city_pricing.TestCitiesEndpoint" name="test_cities_public_no_auth" time="0.103" /><testcase classname="tests.test_city_pricing.TestCitiesEndpoint" name="test_cities_returns_seeded_three" time="0.094" /><testcase classname="tests.test_city_pricing.TestToggleCityLive" name="test_toggle_is_live_hides_and_restores" time="0.661" /><testcase classname="tests.test_city_pricing.TestToggleCityLive" name="test_cities_recompute_drops_city_with_no_live_skus" time="0.394" /><testcase classname="tests.test_city_pricing.TestExcelImport" name="test_import_creates_and_updates" time="0.187" /><testcase classname="tests.test_city_pricing.TestExcelImport" name="test_import_consumer_forbidden" time="0.102" /><testcase classname="tests.test_visibility_and_publish.TestExcelImportDefaults" name="test_blank_defaults_visible" time="0.112" /><testcase classname="tests.test_visibility_and_publish.TestExcelImportDefaults" name="test_explicit_no_still_hidden" time="0.104" /><testcase classname="tests.backend_test" name="test_health_root" time="0.088" /><testcase classname="tests.backend_test.TestSkuModel" name="test_create_sku_new_fields" time="0.150" /><testcase classname="tests.backend_test.TestCatalogTree" name="test_tree_hierarchy" time="0.100" /><testcase classname="tests.backend_test.TestCart" name="test_cart_shape" time="0.295" /><testcase classname="tests.backend_test.TestUpload" name="test_image_upload" time="0.093" /><testcase classname="tests.test_banners_and_min_order.TestBannersPublic" name="test_active_public_no_auth" time="0.094" /><testcase classname="tests.test_city_pricing.TestAdminMineFullMatrix" name="test_mine_exposes_city_prices_with_wholesaler" time="0.096" /><testcase classname="tests.test_city_pricing.TestExcelTemplate" name="test_template_headers_and_samples" time="0.107" /><testcase classname="tests.test_guest_and_checkout.TestGuestCatalog" name="test_products_all_no_city_param" time="0.097" /><testcase classname="tests.test_guest_and_checkout.TestGuestCartHydrate" name="test_hydrate_ignores_invalid_product" time="15.132" /><testcase classname="tests.test_guest_and_checkout.TestGuestCartHydrate" name="test_hydrate_unauth_no_401" time="0.119" /></testsuite></testsuites>